2018-06-23 14:02:01,007 log_module.py[line:31]-[DEBUG]: This is basic file debug.
2018-06-23 14:02:01,007 log_module.py[line:32]-[INFO]: This is basic file info
2018-06-23 14:02:01,007 log_module.py[line:33]-[WARNING]: This is basic file warning
2018-06-23 14:02:01,007 log_module.py[line:34]-[ERROR]: This is basic file error
2018-06-23 14:02:01,007 log_module.py[line:35]-[CRITICAL]: This is basic file critical
2018-06-23 14:02:21,592 log_module.py[line:34]-[ERROR]: This is basic file error
2018-06-23 14:02:21,592 log_module.py[line:35]-[CRITICAL]: This is basic file critical
2018-06-23 14:03:05,753 log_module.py[line:34]-[ERROR]: This is basic file error
2018-06-23 14:03:05,753 log_module.py[line:35]-[CRITICAL]: This is basic file critical
2018-06-23 14:08:53,404 log_module.py[line:38]-[ERROR]: This is basic file error
2018-06-23 14:08:53,404 log_module.py[line:39]-[CRITICAL]: This is basic file critical
2018-06-23 14:09:34,279 log_module.py[line:38]-[ERROR]: This is basic file error
2018-06-23 14:09:34,279 log_module.py[line:39]-[CRITICAL]: This is basic file critical
2018-06-23 14:27:53,654 log_module.py[line:38]-[ERROR]: This is basic file error
2018-06-23 14:27:53,654 log_module.py[line:39]-[CRITICAL]: This is basic file critical
2018-06-23 14:29:11,615 log_module.py[line:38]-[ERROR]: This is basic file error
2018-06-23 14:29:11,615 log_module.py[line:39]-[CRITICAL]: This is basic file critical
2018-06-23 14:46:35,418 log_module.py[line:47]-[ERROR]: This is basic file error
2018-06-23 14:46:35,418 log_module.py[line:48]-[CRITICAL]: This is basic file critical
2018-06-23 14:46:50,013 log_module.py[line:47]-[ERROR]: This is basic file error
2018-06-23 14:46:50,013 log_module.py[line:48]-[CRITICAL]: This is basic file critical
2018-06-23 14:47:27,414 log_module.py[line:47]-[ERROR]: This is basic file error
2018-06-23 14:47:27,414 log_module.py[line:48]-[CRITICAL]: This is basic file critical
